<?xml version="1.0" encoding="UTF-8"?>
<!-- Generated by org.testng.reporters.JUnitReportReporter -->
<testsuite skipped="0" hostname="DESKTOP-SQUR7HE" name="AllAnotations" tests="1" failures="0" timestamp="2022-11-30T15:41:17 IST" time="0.011" errors="0">
  <testcase name="test" time="0.011" classname="AllAnotations"/>
  <system-out/>
</testsuite> <!-- AllAnotations -->
