<?xml version="1.0" encoding="UTF-8"?>
<!-- Generated by org.testng.reporters.JUnitReportReporter -->
<testsuite skipped="0" hostname="DESKTOP-SQUR7HE" name="SecondDemo" tests="4" failures="0" timestamp="2022-11-30T15:33:37 IST" time="0.018" errors="0">
  <testcase name="Zest" time="0.010" classname="SecondDemo"/>
  <system-out/>
  <testcase name="Aest" time="0.002" classname="SecondDemo"/>
  <system-out/>
  <testcase name="test" time="0.001" classname="SecondDemo"/>
  <system-out/>
  <testcase name="Rest" time="0.005" classname="SecondDemo"/>
  <system-out/>
</testsuite> <!-- SecondDemo -->
