<?xml version="1.0" encoding="UTF-8"?>
<!-- Generated by org.testng.reporters.JUnitReportReporter -->
<testsuite skipped="0" hostname="DESKTOP-SQUR7HE" name="com.ng.Data_Provider" tests="2" failures="0" timestamp="2022-12-01T14:14:05 IST" time="33.228" errors="0">
  <testcase name="f" time="17.336" classname="com.ng.Data_Provider"/>
  <system-out/>
  <testcase name="f" time="15.892" classname="com.ng.Data_Provider"/>
  <system-out/>
</testsuite> <!-- com.ng.Data_Provider -->
