<?xml version="1.0" encoding="UTF-8"?>
<!-- Generated by org.testng.reporters.JUnitReportReporter -->
<testsuite skipped="0" hostname="DESKTOP-SQUR7HE" name="Test3" tests="1" failures="0" timestamp="2022-12-01T12:11:56 IST" time="0.011" errors="0">
  <testcase name="test3" time="0.011" classname="Test3"/>
  <system-out/>
</testsuite> <!-- Test3 -->
