<?xml version="1.0" encoding="UTF-8"?>
<!-- Generated by org.testng.reporters.JUnitReportReporter -->
<testsuite skipped="0" hostname="DESKTOP-SQUR7HE" name="TestNG_WebDriver" tests="5" failures="0" timestamp="2022-12-01T12:32:07 IST" time="10.707" errors="0">
  <testcase name="setUserName" time="2.171" classname="TestNG_WebDriver"/>
  <system-out/>
  <testcase name="setPassword" time="2.146" classname="TestNG_WebDriver"/>
  <system-out/>
  <testcase name="clickLogin" time="2.198" classname="TestNG_WebDriver"/>
  <system-out/>
  <testcase name="clickSideMenu" time="2.098" classname="TestNG_WebDriver"/>
  <system-out/>
  <testcase name="logout" time="2.094" classname="TestNG_WebDriver"/>
  <system-out/>
</testsuite> <!-- TestNG_WebDriver -->
