<?xml version="1.0" encoding="UTF-8"?>
<!-- Generated by org.testng.reporters.JUnitReportReporter -->
<testsuite skipped="0" hostname="DESKTOP-SQUR7HE" name="com.ng.TestNG_Parameters" tests="1" failures="0" timestamp="2022-12-01T12:57:51 IST" time="16.954" errors="0">
  <testcase name="f" time="16.954" classname="com.ng.TestNG_Parameters"/>
  <system-out/>
</testsuite> <!-- com.ng.TestNG_Parameters -->
