<?xml version="1.0" encoding="UTF-8"?>
<!-- Generated by org.testng.reporters.JUnitReportReporter -->
<testsuite skipped="0" hostname="DESKTOP-SQUR7HE" name="Test_Dependent" tests="7" failures="0" timestamp="2022-12-01T12:38:58 IST" time="16.778" errors="0">
  <testcase name="clickLogin" time="2.206" classname="Test_Dependent"/>
  <system-out/>
  <testcase name="setPassword" time="2.139" classname="Test_Dependent"/>
  <system-out/>
  <testcase name="clickSideMenu" time="2.098" classname="Test_Dependent"/>
  <system-out/>
  <testcase name="logout" time="2.097" classname="Test_Dependent"/>
  <system-out/>
  <testcase name="aftertest" time="0.214" classname="Test_Dependent"/>
  <system-out/>
  <testcase name="beforetest" time="5.842" classname="Test_Dependent"/>
  <system-out/>
  <testcase name="setUserName" time="2.182" classname="Test_Dependent"/>
  <system-out/>
</testsuite> <!-- Test_Dependent -->
