<?xml version="1.0" encoding="UTF-8"?>
<!-- Generated by org.testng.reporters.JUnitReportReporter -->
<testsuite skipped="0" hostname="DESKTOP-SQUR7HE" name="TestNG_GroupDemo" tests="6" failures="0" timestamp="2022-12-01T12:11:44 IST" time="0.020" errors="0">
  <testcase name="red3" time="0.002" classname="TestNG_GroupDemo"/>
  <system-out/>
  <testcase name="red1" time="0.002" classname="TestNG_GroupDemo"/>
  <system-out/>
  <testcase name="green1" time="0.009" classname="TestNG_GroupDemo"/>
  <system-out/>
  <testcase name="green2" time="0.002" classname="TestNG_GroupDemo"/>
  <system-out/>
  <testcase name="green3" time="0.002" classname="TestNG_GroupDemo"/>
  <system-out/>
  <testcase name="red2" time="0.003" classname="TestNG_GroupDemo"/>
  <system-out/>
</testsuite> <!-- TestNG_GroupDemo -->
