<?xml version="1.0" encoding="UTF-8"?>
<!-- Generated by org.testng.reporters.JUnitReportReporter -->
<testsuite skipped="0" hostname="DESKTOP-SQUR7HE" name="Test2" tests="1" failures="0" timestamp="2022-12-01T12:11:56 IST" time="0.001" errors="0">
  <testcase name="test2" time="0.001" classname="Test2"/>
  <system-out/>
</testsuite> <!-- Test2 -->
