<?xml version="1.0" encoding="UTF-8"?>
<!-- Generated by org.testng.reporters.JUnitReportReporter -->
<testsuite skipped="0" hostname="DESKTOP-SQUR7HE" name="com.fw.DataDriverFW" tests="1" failures="0" timestamp="2022-12-01T15:47:13 IST" time="26.992" errors="0">
  <testcase name="test" time="26.992" classname="com.fw.DataDriverFW"/>
  <system-out/>
</testsuite> <!-- com.fw.DataDriverFW -->
