<?xml version="1.0" encoding="UTF-8"?>
<!-- Generated by org.testng.reporters.JUnitReportReporter -->
<testsuite skipped="0" hostname="DESKTOP-SQUR7HE" name="com.fw.KeywordDriverFW" tests="6" failures="0" timestamp="2022-12-01T16:03:37 IST" time="13.869" errors="0">
  <testcase name="test" time="2.181" classname="com.fw.KeywordDriverFW"/>
  <system-out/>
  <testcase name="test" time="0.167" classname="com.fw.KeywordDriverFW"/>
  <system-out/>
  <testcase name="test" time="2.621" classname="com.fw.KeywordDriverFW"/>
  <system-out/>
  <testcase name="test" time="2.160" classname="com.fw.KeywordDriverFW"/>
  <system-out/>
  <testcase name="test" time="2.319" classname="com.fw.KeywordDriverFW"/>
  <system-out/>
  <testcase name="test" time="4.421" classname="com.fw.KeywordDriverFW"/>
  <system-out/>
</testsuite> <!-- com.fw.KeywordDriverFW -->
