<?xml version="1.0" encoding="UTF-8"?>
<!-- Generated by org.testng.reporters.JUnitReportReporter -->
<testsuite skipped="0" hostname="DESKTOP-SQUR7HE" name="com.fw.HybridDriverFW" tests="6" failures="0" timestamp="2022-12-01T16:07:53 IST" time="13.991" errors="0">
  <testcase name="test" time="2.159" classname="com.fw.HybridDriverFW"/>
  <system-out/>
  <testcase name="test" time="2.149" classname="com.fw.HybridDriverFW"/>
  <system-out/>
  <testcase name="test" time="0.169" classname="com.fw.HybridDriverFW"/>
  <system-out/>
  <testcase name="test" time="2.212" classname="com.fw.HybridDriverFW"/>
  <system-out/>
  <testcase name="test" time="2.984" classname="com.fw.HybridDriverFW"/>
  <system-out/>
  <testcase name="test" time="4.318" classname="com.fw.HybridDriverFW"/>
  <system-out/>
</testsuite> <!-- com.fw.HybridDriverFW -->
